[debug] [2021-05-02T21:16:38.293Z] ----------------------------------------------------------------------
[debug] [2021-05-02T21:16:38.296Z] Command:       /home/renato/.nvm/versions/node/v10.19.0/bin/node /home/renato/.nvm/versions/node/v10.19.0/bin/firebase init
[debug] [2021-05-02T21:16:38.297Z] CLI Version:   9.1.0
[debug] [2021-05-02T21:16:38.297Z] Platform:      linux
[debug] [2021-05-02T21:16:38.297Z] Node Version:  v10.19.0
[debug] [2021-05-02T21:16:38.297Z] Time:          Sun May 02 2021 18:16:38 GMT-0300 (Brasilia Standard Time)
[debug] [2021-05-02T21:16:38.297Z] ----------------------------------------------------------------------
[debug] [2021-05-02T21:16:38.297Z] 
[debug] [2021-05-02T21:16:38.301Z] >>> [apiv2][query] GET https://firebase-public.firebaseio.com/cli.json [none]
[debug] [2021-05-02T21:16:38.338Z] > command requires scopes: ["email","openid","https://www.googleapis.com/auth/cloudplatformprojects.readonly","https://www.googleapis.com/auth/firebase","https://www.googleapis.com/auth/cloud-platform"]
[debug] [2021-05-02T21:16:38.339Z] > authorizing via signed-in user
[info] 
     ######## #### ########  ######## ########     ###     ######  ########
     ##        ##  ##     ## ##       ##     ##  ##   ##  ##       ##
     ######    ##  ########  ######   ########  #########  ######  ######
     ##        ##  ##    ##  ##       ##     ## ##     ##       ## ##
     ##       #### ##     ## ######## ########  ##     ##  ######  ########

You're about to initialize a Firebase project in this directory:

  /home/renato/Documents/Projetos/Projetos UFRRJ/Proj. Software/proj-front

[debug] [2021-05-02T21:16:38.917Z] <<< [apiv2][status] GET https://firebase-public.firebaseio.com/cli.json 200
[debug] [2021-05-02T21:16:38.917Z] <<< [apiv2][body] GET https://firebase-public.firebaseio.com/cli.json {"cloudBuildErrorAfter":1594252800000,"cloudBuildWarnAfter":1590019200000,"defaultNode10After":1594252800000,"minVersion":"3.0.5","node8DeploysDisabledAfter":1613390400000,"node8RuntimeDisabledAfter":1615809600000,"node8WarnAfter":1600128000000}
